[    0.000000] Linux version 4.15.0-101-generic (buildd@lgw01-amd64-003) (gcc version 7.5.0 (Ubuntu 7.5.0-3ubuntu1~18.04)) #102-Ubuntu SMP Mon May 11 10:07:26 UTC 2020 (Ubuntu 4.15.0-101.102-generic 4.15.18)
[    0.000000] Command line: BOOT_IMAGE=/boot/vmlinuz-4.15.0-101-generic root=LABEL=cloudimg-rootfs ro console=tty1 console=ttyS0
[    0.000000] KERNEL supported cpus:
[    0.000000]   Intel GenuineIntel
[    0.000000]   AMD AuthenticAMD
[    0.000000]   Centaur CentaurHauls
[    0.000000] x86/fpu: Supporting XSAVE feature 0x001: 'x87 floating point registers'
[    0.000000] x86/fpu: Supporting XSAVE feature 0x002: 'SSE registers'
[    0.000000] x86/fpu: Supporting XSAVE feature 0x004: 'AVX registers'
[    0.000000] x86/fpu: xstate_offset[2]:  576, xstate_sizes[2]:  256
[    0.000000] x86/fpu: Enabled xstate features 0x7, context size is 832 bytes, using 'standard' format.
[    0.000000] e820: BIOS-provided physical RAM map:
[    0.000000] BIOS-e820: [mem 0x0000000000000000-0x000000000009fbff] usable
[    0.000000] BIOS-e820: [mem 0x000000000009fc00-0x000000000009ffff] reserved
[    0.000000] BIOS-e820: [mem 0x00000000000f0000-0x00000000000fffff] reserved
[    0.000000] BIOS-e820: [mem 0x0000000000100000-0x000000001ffeffff] usable
[    0.000000] BIOS-e820: [mem 0x000000001fff0000-0x000000001fffffff] ACPI data
[    0.000000] BIOS-e820: [mem 0x00000000fec00000-0x00000000fec00fff] reserved
[    0.000000] BIOS-e820: [mem 0x00000000fee00000-0x00000000fee00fff] reserved
[    0.000000] BIOS-e820: [mem 0x00000000fffc0000-0x00000000ffffffff] reserved
[    0.000000] NX (Execute Disable) protection: active
[    0.000000] SMBIOS 2.5 present.
[    0.000000] DMI: innotek GmbH VirtualBox/VirtualBox, BIOS VirtualBox 12/01/2006
[    0.000000] Hypervisor detected: KVM
[    0.000000] e820: last_pfn = 0x1fff0 max_arch_pfn = 0x400000000
[    0.000000] MTRR: Disabled
[    0.000000] x86/PAT: MTRRs disabled, skipping PAT initialization too.
[    0.000000] CPU MTRRs all blank - virtualized system.
[    0.000000] x86/PAT: Configuration [0-7]: WB  WT  UC- UC  WB  WT  UC- UC  
[    0.000000] found SMP MP-table at [mem 0x0009fff0-0x0009ffff]
[    0.000000] Scanning 1 areas for low memory corruption
[    0.000000] RAMDISK: [mem 0x1dc19000-0x1eed8fff]
[    0.000000] ACPI: Early table checksum verification disabled
[    0.000000] ACPI: RSDP 0x00000000000E0000 000024 (v02 VBOX  )
[    0.000000] ACPI: XSDT 0x000000001FFF0030 00003C (v01 VBOX   VBOXXSDT 00000001 ASL  00000061)
[    0.000000] ACPI: FACP 0x000000001FFF00F0 0000F4 (v04 VBOX   VBOXFACP 00000001 ASL  00000061)
[    0.000000] ACPI: DSDT 0x000000001FFF0470 0022EA (v02 VBOX   VBOXBIOS 00000002 INTL 20100528)
[    0.000000] ACPI: FACS 0x000000001FFF0200 000040
[    0.000000] ACPI: FACS 0x000000001FFF0200 000040
[    0.000000] ACPI: APIC 0x000000001FFF0240 00005C (v02 VBOX   VBOXAPIC 00000001 ASL  00000061)
[    0.000000] ACPI: SSDT 0x000000001FFF02A0 0001CC (v01 VBOX   VBOXCPUT 00000002 INTL 20100528)
[    0.000000] No NUMA configuration found
[    0.000000] Faking a node at [mem 0x0000000000000000-0x000000001ffeffff]
[    0.000000] NODE_DATA(0) allocated [mem 0x1ffc5000-0x1ffeffff]
[    0.000000] kvm-clock: cpu 0, msr 0:1ff44001, primary cpu clock
[    0.000000] kvm-clock: Using msrs 4b564d01 and 4b564d00
[    0.000000] kvm-clock: using sched offset of 5185865248 cycles
[    0.000000] clocksource: kvm-clock: mask: 0xffffffffffffffff max_cycles: 0x1cd42e4dffb, max_idle_ns: 881590591483 ns
[    0.000000] Zone ranges:
[    0.000000]   DMA      [mem 0x0000000000001000-0x0000000000ffffff]
[    0.000000]   DMA32    [mem 0x0000000001000000-0x000000001ffeffff]
[    0.000000]   Normal   empty
[    0.000000]   Device   empty
[    0.000000] Movable zone start for each node
[    0.000000] Early memory node ranges
[    0.000000]   node   0: [mem 0x0000000000001000-0x000000000009efff]
[    0.000000]   node   0: [mem 0x0000000000100000-0x000000001ffeffff]
[    0.000000] Reserved but unavailable: 98 pages
[    0.000000] Initmem setup node 0 [mem 0x0000000000001000-0x000000001ffeffff]
[    0.000000] ACPI: PM-Timer IO Port: 0x4008
[    0.000000] IOAPIC[0]: apic_id 2, version 32, address 0xfec00000, GSI 0-23
[    0.000000] ACPI: INT_SRC_OVR (bus 0 bus_irq 0 global_irq 2 dfl dfl)
[    0.000000] ACPI: INT_SRC_OVR (bus 0 bus_irq 9 global_irq 9 low level)
[    0.000000] Using ACPI (MADT) for SMP configuration information
[    0.000000] smpboot: Allowing 2 CPUs, 0 hotplug CPUs
[    0.000000] PM: Registered nosave memory: [mem 0x00000000-0x00000fff]
[    0.000000] PM: Registered nosave memory: [mem 0x0009f000-0x0009ffff]
[    0.000000] PM: Registered nosave memory: [mem 0x000a0000-0x000effff]
[    0.000000] PM: Registered nosave memory: [mem 0x000f0000-0x000fffff]
[    0.000000] e820: [mem 0x20000000-0xfebfffff] available for PCI devices
[    0.000000] Booting paravirtualized kernel on KVM
[    0.000000] clocksource: refined-jiffies: mask: 0xffffffff max_cycles: 0xffffffff, max_idle_ns: 7645519600211568 ns
[    0.000000] random: get_random_bytes called from start_kernel+0x99/0x4fd with crng_init=0
[    0.000000] setup_percpu: NR_CPUS:8192 nr_cpumask_bits:2 nr_cpu_ids:2 nr_node_ids:1
[    0.000000] percpu: Embedded 45 pages/cpu s147456 r8192 d28672 u1048576
[    0.000000] PV qspinlock hash table entries: 256 (order: 0, 4096 bytes)
[    0.000000] Built 1 zonelists, mobility grouping on.  Total pages: 128889
[    0.000000] Policy zone: DMA32
[    0.000000] Kernel command line: BOOT_IMAGE=/boot/vmlinuz-4.15.0-101-generic root=LABEL=cloudimg-rootfs ro console=tty1 console=ttyS0
[    0.000000] Memory: 466972K/523832K available (12300K kernel code, 2481K rwdata, 4268K rodata, 2432K init, 2712K bss, 56860K reserved, 0K cma-reserved)
[    0.000000] SLUB: HWalign=64, Order=0-3, MinObjects=0, CPUs=2, Nodes=1
[    0.000000] Kernel/User page tables isolation: enabled
[    0.000000] ftrace: allocating 39364 entries in 154 pages
[    0.004000] Hierarchical RCU implementation.
[    0.004000] 	RCU restricting CPUs from NR_CPUS=8192 to nr_cpu_ids=2.
[    0.004000] 	Tasks RCU enabled.
[    0.004000] RCU: Adjusting geometry for rcu_fanout_leaf=16, nr_cpu_ids=2
[    0.004000] NR_IRQS: 524544, nr_irqs: 440, preallocated irqs: 16
[    0.004000] Console: colour VGA+ 80x25
[    0.004000] console [tty1] enabled
[    0.004000] console [ttyS0] enabled
[    0.004000] ACPI: Core revision 20170831
[    0.004000] ACPI: 2 ACPI AML tables successfully acquired and loaded
[    0.004000] APIC: Switch to symmetric I/O mode setup
[    0.004551] x2apic enabled
[    0.008016] Switched APIC routing to physical x2apic.
[    0.016000] ..TIMER: vector=0x30 apic1=0 pin1=2 apic2=-1 pin2=-1
[    0.016010] tsc: Detected 2294.770 MHz processor
[    0.020066] Calibrating delay loop (skipped) preset value.. 4589.54 BogoMIPS (lpj=9179080)
[    0.024012] pid_max: default: 32768 minimum: 301
[    0.028059] Security Framework initialized
[    0.032007] Yama: becoming mindful.
[    0.036066] AppArmor: AppArmor initialized
[    0.040890] Dentry cache hash table entries: 65536 (order: 7, 524288 bytes)
[    0.044067] Inode-cache hash table entries: 32768 (order: 6, 262144 bytes)
[    0.048042] Mount-cache hash table entries: 1024 (order: 1, 8192 bytes)
[    0.052024] Mountpoint-cache hash table entries: 1024 (order: 1, 8192 bytes)
[    0.056361] Last level iTLB entries: 4KB 512, 2MB 8, 4MB 8
[    0.060009] Last level dTLB entries: 4KB 512, 2MB 32, 4MB 32, 1GB 0
[    0.064010] Spectre V1 : Mitigation: usercopy/swapgs barriers and __user pointer sanitization
[    0.068013] Spectre V2 : Mitigation: Full generic retpoline
[    0.072009] Spectre V2 : Spectre v2 / SpectreRSB mitigation: Filling RSB on context switch
[    0.076011] Speculative Store Bypass: Vulnerable
[    0.080071] MDS: Mitigation: Clear CPU buffers
[    0.084191] Freeing SMP alternatives memory: 36K
[    0.198855] smpboot: CPU0: Intel(R) Core(TM) i5-2415M CPU @ 2.30GHz (family: 0x6, model: 0x2a, stepping: 0x7)
[    0.200125] Performance Events: unsupported p6 CPU model 42 no PMU driver, software events only.
[    0.204219] Hierarchical SRCU implementation.
[    0.209055] NMI watchdog: Perf event create on CPU 0 failed with -2
[    0.212011] NMI watchdog: Perf NMI watchdog permanently disabled
[    0.216114] smp: Bringing up secondary CPUs ...
[    0.220169] x86: Booting SMP configuration:
[    0.224014] .... node  #0, CPUs:      #1
[    0.004000] kvm-clock: cpu 1, msr 0:1ff44041, secondary cpu clock
[    0.232041] smp: Brought up 1 node, 2 CPUs
[    0.236016] smpboot: Max logical packages: 1
[    0.240015] smpboot: Total of 2 processors activated (9179.08 BogoMIPS)
[    0.244077] devtmpfs: initialized
[    0.245330] x86/mm: Memory block size: 128MB
[    0.248075] evm: security.selinux
[    0.252023] evm: security.SMACK64
[    0.256012] evm: security.SMACK64EXEC
[    0.260010] evm: security.SMACK64TRANSMUTE
[    0.261804] evm: security.SMACK64MMAP
[    0.263183] evm: security.apparmor
[    0.264010] evm: security.ima
[    0.268021] evm: security.capability
[    0.272152] clocksource: jiffies: mask: 0xffffffff max_cycles: 0xffffffff, max_idle_ns: 7645041785100000 ns
[    0.276149] futex hash table entries: 512 (order: 3, 32768 bytes)
[    0.280099] pinctrl core: initialized pinctrl subsystem
[    0.284033] RTC time: 14:16:29, date: 05/30/20
[    0.288464] NET: Registered protocol family 16
[    0.292236] audit: initializing netlink subsys (disabled)
[    0.296089] audit: type=2000 audit(1590848195.424:1): state=initialized audit_enabled=0 res=1
[    0.300016] cpuidle: using governor ladder
[    0.301707] cpuidle: using governor menu
[    0.304102] ACPI: bus type PCI registered
[    0.308013] acpiphp: ACPI Hot Plug PCI Controller Driver version: 0.5
[    0.310868] PCI: Using configuration type 1 for base access
[    0.316025] HugeTLB registered 2.00 MiB page size, pre-allocated 0 pages
[    0.324414] ACPI: Added _OSI(Module Device)
[    0.328026] ACPI: Added _OSI(Processor Device)
[    0.332014] ACPI: Added _OSI(3.0 _SCP Extensions)
[    0.336013] ACPI: Added _OSI(Processor Aggregator Device)
[    0.344038] ACPI: Added _OSI(Linux-Dell-Video)
[    0.348017] ACPI: Added _OSI(Linux-Lenovo-NV-HDMI-Audio)
[    0.352013] ACPI: Added _OSI(Linux-HPI-Hybrid-Graphics)
[    0.356780] ACPI: Executed 1 blocks of module-level executable AML code
[    0.374506] ACPI: Interpreter enabled
[    0.376055] ACPI: (supports S0 S5)
[    0.380012] ACPI: Using IOAPIC for interrupt routing
[    0.388156] PCI: Using host bridge windows from ACPI; if necessary, use "pci=nocrs" and report a bug
[    0.394474] ACPI: Enabled 2 GPEs in block 00 to 07
[    0.417551] ACPI: PCI Root Bridge [PCI0] (domain 0000 [bus 00-ff])
[    0.420035] acpi PNP0A03:00: _OSC: OS supports [ASPM ClockPM Segments MSI]
[    0.424700] acpi PNP0A03:00: _OSC: not requesting OS control; OS requires [ExtendedConfig ASPM ClockPM MSI]
[    0.428044] acpi PNP0A03:00: fail to add MMCONFIG information, can't access extended PCI configuration space under this bridge.
[    0.437299] PCI host bridge to bus 0000:00
[    0.440017] pci_bus 0000:00: root bus resource [io  0x0000-0x0cf7 window]
[    0.444017] pci_bus 0000:00: root bus resource [io  0x0d00-0xffff window]
[    0.446826] pci_bus 0000:00: root bus resource [mem 0x000a0000-0x000bffff window]
[    0.448033] pci_bus 0000:00: root bus resource [mem 0x20000000-0xfdffffff window]
[    0.452020] pci_bus 0000:00: root bus resource [bus 00-ff]
[    0.472087] pci 0000:00:01.1: legacy IDE quirk: reg 0x10: [io  0x01f0-0x01f7]
[    0.476014] pci 0000:00:01.1: legacy IDE quirk: reg 0x14: [io  0x03f6]
[    0.480016] pci 0000:00:01.1: legacy IDE quirk: reg 0x18: [io  0x0170-0x0177]
[    0.484016] pci 0000:00:01.1: legacy IDE quirk: reg 0x1c: [io  0x0376]
[    0.524878] pci 0000:00:07.0: quirk: [io  0x4000-0x403f] claimed by PIIX4 ACPI
[    0.528046] pci 0000:00:07.0: quirk: [io  0x4100-0x410f] claimed by PIIX4 SMB
[    0.554873] ACPI: PCI Interrupt Link [LNKA] (IRQs 5 9 10 *11)
[    0.556579] ACPI: PCI Interrupt Link [LNKB] (IRQs 5 9 *10 11)
[    0.560304] ACPI: PCI Interrupt Link [LNKC] (IRQs 5 *9 10 11)
[    0.564128] ACPI: PCI Interrupt Link [LNKD] (IRQs 5 9 10 *11)
[    0.567673] SCSI subsystem initialized
[    0.568145] pci 0000:00:02.0: vgaarb: setting as boot VGA device
[    0.571811] pci 0000:00:02.0: vgaarb: VGA device added: decodes=io+mem,owns=io+mem,locks=none
[    0.572016] pci 0000:00:02.0: vgaarb: bridge control possible
[    0.576006] vgaarb: loaded
[    0.577183] ACPI: bus type USB registered
[    0.580132] usbcore: registered new interface driver usbfs
[    0.584986] usbcore: registered new interface driver hub
[    0.588060] usbcore: registered new device driver usb
[    0.592144] EDAC MC: Ver: 3.0.0
[    0.596717] PCI: Using ACPI for IRQ routing
[    0.600710] NetLabel: Initializing
[    0.604011] NetLabel:  domain hash size = 128
[    0.608003] NetLabel:  protocols = UNLABELED CIPSOv4 CALIPSO
[    0.612038] NetLabel:  unlabeled traffic allowed by default
[    0.620633] clocksource: Switched to clocksource kvm-clock
[    0.651436] VFS: Disk quotas dquot_6.6.0
[    0.665623] VFS: Dquot-cache hash table entries: 512 (order 0, 4096 bytes)
[    0.678429] AppArmor: AppArmor Filesystem Enabled
[    0.686385] pnp: PnP ACPI init
[    0.703289] pnp: PnP ACPI: found 3 devices
[    0.763368] clocksource: acpi_pm: mask: 0xffffff max_cycles: 0xffffff, max_idle_ns: 2085701024 ns
[    0.775678] NET: Registered protocol family 2
[    0.783154] TCP established hash table entries: 4096 (order: 3, 32768 bytes)
[    0.810397] TCP bind hash table entries: 4096 (order: 4, 65536 bytes)
[    0.826485] TCP: Hash tables configured (established 4096 bind 4096)
[    0.840638] UDP hash table entries: 256 (order: 1, 8192 bytes)
[    0.847961] UDP-Lite hash table entries: 256 (order: 1, 8192 bytes)
[    0.855936] NET: Registered protocol family 1
[    0.869810] pci 0000:00:00.0: Limiting direct PCI/PCI transfers
[    0.879753] pci 0000:00:01.0: Activating ISA DMA hang workarounds
[    0.882978] pci 0000:00:02.0: Video device with shadowed ROM at [mem 0x000c0000-0x000dffff]
[    0.893186] Unpacking initramfs...
[    1.410124] Freeing initrd memory: 19200K
[    1.412253] clocksource: tsc: mask: 0xffffffffffffffff max_cycles: 0x2113e8aa64d, max_idle_ns: 440795233861 ns
[    1.418173] platform rtc_cmos: registered platform RTC device (no PNP device found)
[    1.423055] Scanning for low memory corruption every 60 seconds
[    1.430284] Initialise system trusted keyrings
[    1.434105] Key type blacklist registered
[    1.437093] workingset: timestamp_bits=36 max_order=17 bucket_order=0
[    1.442309] zbud: loaded
[    1.446892] squashfs: version 4.0 (2009/01/31) Phillip Lougher
[    1.453401] fuse init (API version 7.26)
[    1.463072] Key type asymmetric registered
[    1.465883] Asymmetric key parser 'x509' registered
[    1.471134] Block layer SCSI generic (bsg) driver version 0.4 loaded (major 246)
[    1.475876] io scheduler noop registered
[    1.478295] io scheduler deadline registered
[    1.480747] io scheduler cfq registered (default)
[    1.484817] ACPI: AC Adapter [AC] (on-line)
[    1.489556] input: Power Button as /devices/LNXSYSTM:00/LNXPWRBN:00/input/input0
[    1.494826] ACPI: Power Button [PWRF]
[    1.496557] input: Sleep Button as /devices/LNXSYSTM:00/LNXSLPBN:00/input/input1
[    1.500304] ACPI: Sleep Button [SLPF]
[    1.506392] Serial: 8250/16550 driver, 32 ports, IRQ sharing enabled
[    1.511079] ACPI: Battery Slot [BAT0] (battery present)
[    1.540413] 00:02: ttyS0 at I/O 0x3f8 (irq = 4, base_baud = 115200) is a 16550A
[    1.546152] Linux agpgart interface v0.103
[    1.551746] loop: module loaded
[    1.556002] scsi host0: ata_piix
[    1.558332] scsi host1: ata_piix
[    1.560058] ata1: PATA max UDMA/33 cmd 0x1f0 ctl 0x3f6 bmdma 0xd000 irq 14
[    1.564250] ata2: PATA max UDMA/33 cmd 0x170 ctl 0x376 bmdma 0xd008 irq 15
[    1.568970] libphy: Fixed MDIO Bus: probed
[    1.572974] tun: Universal TUN/TAP device driver, 1.6
[    1.577399] PPP generic driver version 2.4.2
[    1.580153] ehci_hcd: USB 2.0 'Enhanced' Host Controller (EHCI) Driver
[    1.582917] ehci-pci: EHCI PCI platform driver
[    1.586439] ehci-platform: EHCI generic platform driver
[    1.590739] ohci_hcd: USB 1.1 'Open' Host Controller (OHCI) Driver
[    1.596697] ohci-pci: OHCI PCI platform driver
[    1.606670] ohci-platform: OHCI generic platform driver
[    1.610324] uhci_hcd: USB Universal Host Controller Interface driver
[    1.613189] i8042: PNP: PS/2 Controller [PNP0303:PS2K,PNP0f03:PS2M] at 0x60,0x64 irq 1,12
[    1.617887] serio: i8042 KBD port at 0x60,0x64 irq 1
[    1.622603] serio: i8042 AUX port at 0x60,0x64 irq 12
[    1.628454] mousedev: PS/2 mouse device common for all mice
[    1.632794] rtc_cmos rtc_cmos: rtc core: registered rtc_cmos as rtc0
[    1.636886] input: AT Translated Set 2 keyboard as /devices/platform/i8042/serio0/input/input2
[    1.644763] rtc_cmos rtc_cmos: alarms up to one day, 114 bytes nvram
[    1.649360] i2c /dev entries driver
[    1.651604] device-mapper: uevent: version 1.0.3
[    1.654609] device-mapper: ioctl: 4.37.0-ioctl (2017-09-20) initialised: dm-devel@redhat.com
[    1.660477] ledtrig-cpu: registered to indicate activity on CPUs
[    1.665672] NET: Registered protocol family 10
[    1.677805] Segment Routing with IPv6
[    1.679590] NET: Registered protocol family 17
[    1.681549] Key type dns_resolver registered
[    1.685145] mce: Using 0 MCE banks
[    1.688233] RAS: Correctable Errors collector initialized.
[    1.692957] sched_clock: Marking stable (1692902154, 0)->(2487273464, -794371310)
[    1.697709] registered taskstats version 1
[    1.699539] Loading compiled-in X.509 certificates
[    1.710695] Loaded X.509 cert 'Build time autogenerated kernel key: 81757e40860ca54b8a45e323b66799c03c91a344'
[    1.715560] zswap: loaded using pool lzo/zbud
[    1.743016] Key type big_key registered
[    1.751371] Key type trusted registered
[    1.757185] Key type encrypted registered
[    1.760619] AppArmor: AppArmor sha1 policy hashing enabled
[    1.763572] ima: No TPM chip found, activating TPM-bypass! (rc=-19)
[    1.773167] ima: Allocated hash algorithm: sha1
[    1.775450] evm: HMAC attrs: 0x1
[    1.777574]   Magic number: 4:453:284
[    1.781795] rtc_cmos rtc_cmos: setting system clock to 2020-05-30 14:16:30 UTC (1590848190)
[    1.789074] BIOS EDD facility v0.16 2004-Jun-25, 0 devices found
[    1.803372] EDD information not available.
[    1.813242] Freeing unused kernel image memory: 2432K
[    1.832831] Write protecting the kernel read-only data: 20480k
[    1.844670] Freeing unused kernel image memory: 2008K
[    1.848090] Freeing unused kernel image memory: 1876K
[    1.865788] x86/mm: Checked W+X mappings: passed, no W+X pages found.
[    1.879518] x86/mm: Checking user space page tables
[    1.892502] x86/mm: Checked W+X mappings: passed, no W+X pages found.
Loading, please wait...
starting version 237
[    2.264930] e1000: Intel(R) PRO/1000 Network Driver - version 7.3.21-k8-NAPI
[    2.269818] e1000: Copyright (c) 1999-2006 Intel Corporation.
[    2.308493] Fusion MPT base driver 3.04.20
[    2.311676] Copyright (c) 1999-2008 LSI Corporation
[    2.365794] AVX version of gcm_enc/dec engaged.
[    2.370153] AES CTR mode by8 optimization enabled
[    2.416855] Fusion MPT SPI Host driver 3.04.20
[    2.523319] input: ImExPS/2 Generic Explorer Mouse as /devices/platform/i8042/serio1/input/input4
[    3.053231] e1000 0000:00:03.0 eth0: (PCI:33MHz:32-bit) 02:d0:42:45:d9:44
[    3.057105] e1000 0000:00:03.0 eth0: Intel(R) PRO/1000 Network Connection
[    4.043781] e1000 0000:00:08.0 eth1: (PCI:33MHz:32-bit) 08:00:27:0f:5f:c2
[    4.050129] e1000 0000:00:08.0 eth1: Intel(R) PRO/1000 Network Connection
[    4.056244] e1000 0000:00:03.0 enp0s3: renamed from eth0
[    4.060590] mptbase: ioc0: Initiating bringup
[    4.077499] e1000 0000:00:08.0 enp0s8: renamed from eth1
[    4.156538] ioc0: LSI53C1030 A0: Capabilities={Initiator}
[    4.403097] scsi host2: ioc0: LSI53C1030 A0, FwRev=00000000h, Ports=1, MaxQ=256, IRQ=20
[    4.579361] scsi 2:0:0:0: Direct-Access     VBOX     HARDDISK         1.0  PQ: 0 ANSI: 5
[    4.616706] scsi target2:0:0: Beginning Domain Validation
[    4.634587] scsi target2:0:0: Domain Validation skipping write tests
[    4.652579] scsi target2:0:0: Ending Domain Validation
[    4.664825] scsi target2:0:0: asynchronous
[    4.674978] scsi 2:0:1:0: Direct-Access     VBOX     HARDDISK         1.0  PQ: 0 ANSI: 5
[    4.724580] scsi target2:0:1: Beginning Domain Validation
[    4.732647] random: fast init done
[    4.739232] scsi target2:0:1: Domain Validation skipping write tests
[    4.750271] scsi target2:0:1: Ending Domain Validation
[    4.755783] scsi target2:0:1: asynchronous
[    4.781127] random: systemd-udevd: uninitialized urandom read (16 bytes read)
[    4.782369] sd 2:0:0:0: Attached scsi generic sg0 type 0
[    4.792842] random: systemd-udevd: uninitialized urandom read (16 bytes read)
[    4.792849] random: systemd-udevd: uninitialized urandom read (16 bytes read)
[    4.794230] sd 2:0:0:0: [sda] 20971520 512-byte logical blocks: (10.7 GB/10.0 GiB)
[    4.822227] sd 2:0:1:0: Attached scsi generic sg1 type 0
[    4.854847] sd 2:0:0:0: [sda] Write Protect is off
[    4.929402] sd 2:0:0:0: [sda] Incomplete mode parameter data
[    4.933180] sd 2:0:0:0: [sda] Assuming drive cache: write through
[    4.933195] sd 2:0:1:0: [sdb] 20480 512-byte logical blocks: (10.5 MB/10.0 MiB)
[    4.947117] sd 2:0:1:0: [sdb] Write Protect is off
[    4.949629]  sda: sda1
[    4.962066] sd 2:0:1:0: [sdb] Incomplete mode parameter data
[    4.963465] sd 2:0:0:0: [sda] Attached SCSI disk
[    4.971976] sd 2:0:1:0: [sdb] Assuming drive cache: write through
[    4.990948] sd 2:0:1:0: [sdb] Attached SCSI disk
Begin: Loading essential drivers ... [    6.756237] raid6: sse2x1   gen()  6653 MB/s
[    6.804238] raid6: sse2x1   xor()  4242 MB/s
[    6.852085] raid6: sse2x2   gen()  7247 MB/s
[    6.900124] raid6: sse2x2   xor()  3690 MB/s
[    6.948176] raid6: sse2x4   gen()  8153 MB/s
[    7.000100] raid6: sse2x4   xor()  5663 MB/s
[    7.002553] raid6: using algorithm sse2x4 gen() 8153 MB/s
[    7.005934] raid6: .... xor() 5663 MB/s, rmw enabled
[    7.008407] raid6: using ssse3x2 recovery algorithm
[    7.012607] xor: automatically using best checksumming function   avx       
[    7.019688] async_tx: api initialized (async)
done.
Begin: Running /scripts/init-premount ... done.
Begin: Mounting root file system ... Begin: Running /scripts/local-top ... done.
Begin: Running /scripts/local-premount ... [    7.105566] Btrfs loaded, crc32c=crc32c-intel
Scanning for Btrfs filesystems
done.
Warning: fsck not present, so skipping root file system
[    7.193273] EXT4-fs (sda1): mounted filesystem with ordered data mode. Opts: (null)
done.
Begin: Running /scripts/local-bottom ... done.
Begin: Running /scripts/init-bottom ... done.
[    7.567614] ip_tables: (C) 2000-2006 Netfilter Core Team
[    7.591417] systemd[1]: systemd 237 running in system mode. (+PAM +AUDIT +SELINUX +IMA +APPARMOR +SMACK +SYSVINIT +UTMP +LIBCRYPTSETUP +GCRYPT +GNUTLS +ACL +XZ +LZ4 +SECCOMP +BLKID +ELFUTILS +KMOD -IDN2 +IDN -PCRE2 default-hierarchy=hybrid)
[    7.602996] systemd[1]: Detected virtualization oracle.
[    7.606071] systemd[1]: Detected architecture x86-64.

Welcome to [1mUbuntu 18.04.4 LTS[0m!

[    7.624896] systemd[1]: Set hostname to <ubuntu>.
[    7.646339] systemd[1]: Initializing machine ID from random generator.
[    7.651795] systemd[1]: Installed transient /etc/machine-id file.
[    8.110873] systemd[1]: Started Forward Password Requests to Wall Directory Watch.
[[0;32m  OK  [0m] Started Forward Password Requests to Wall Directory Watch.
[    8.225550] systemd[1]: Reached target Swap.
[[0;32m  OK  [0m] Reached target Swap.
[    8.229135] systemd[1]: Reached target User and Group Name Lookups.
[[0;32m  OK  [0m] Reached target User and Group Name Lookups.
[    8.237507] systemd[1]: Created slice User and Session Slice.
[[0;32m  OK  [0m] Created slice User and Session Slice.
[[0;32m  OK  [0m] Set up automount Arbitrary Executab…rmats File System Automount Point.
[[0;32m  OK  [0m] Reached target System Time Synchronized.
[[0;32m  OK  [0m] Created slice System Slice.
[[0;32m  OK  [0m] Listening on /dev/initctl Compatibility Named Pipe.
[[0;32m  OK  [0m] Listening on Journal Socket (/dev/log).
[[0;32m  OK  [0m] Listening on udev Control Socket.
[[0;32m  OK  [0m] Reached target Slices.
[[0;32m  OK  [0m] Listening on Journal Audit Socket.
[[0;32m  OK  [0m] Created slice system-serial\x2dgetty.slice.
[[0;32m  OK  [0m] Listening on Device-mapper event daemon FIFOs.
[[0;32m  OK  [0m] Listening on LVM2 poll daemon socket.
[[0;32m  OK  [0m] Listening on Journal Socket.
         Starting Load Kernel Modules...
         Starting Uncomplicated firewall...
         Starting Create list of required st…ce nodes for the current kernel...
         Starting Set the console keyboard layout...
         Starting Remount Root and Kernel File Systems...
         Mounting Huge Pages File System...
         Mounting POSIX Message Queue File System...
         Mounting Kernel Debug File System...
[[0;32m  OK  [0m] Listening on LVM2 metadata daemon socket.
[[0;32m  OK  [0m] Listening on Network Service Netlink Socket.
         Starting Monitoring of LVM2 mirrors…ng dmeventd or progress polling...
[    8.361337] Loading iSCSI transport class v2.0-870.
[[0;32m  OK  [0m] Listening on Syslog Socket.
         Starting Journal Service...
[[0;32m  OK  [0m] Listening on udev Kernel Socket.
         Starting udev Coldplug all Devices...
[[0;32m  OK  [0m] Started Uncomplicated firewall.
[[0;32m  OK  [0m] Started Create list of required sta…vice nodes for the current kernel.
         Starting Create Static Device Nodes in /dev...
[    8.460289] iscsi: registered transport (tcp)
[[0;32m  OK  [0m] Started LVM2 metadata daemon.
[[0;32m  OK  [0m] Mounted Huge Pages File System.
[[0;32m  OK  [0m] Mounted Kernel Debug File System.
[[0;32m  OK  [0m] Mounted POSIX Message Queue File System.
[    8.563520] EXT4-fs (sda1): re-mounted. Opts: (null)
[[0;32m  OK  [0m] Started Remount Root and Kernel File Systems.
         Starting Load/Save Random Seed...
[[0;32m  OK  [0m] Started Create Static Device Nodes in /dev.
         Starting udev Kernel Device Manager...
[[0;32m  OK  [0m] Started Load/Save Random Seed.
[[0;32m  OK  [0m] Started Journal Service.
         Starting Flush Journal to Persistent Storage...
[[0;32m  OK  [0m] Started udev Kernel Device Manager.
[[0;32m  OK  [0m] Started Monitoring of LVM2 mirrors,…sing dmeventd or progress polling.
[    8.855731] systemd-journald[409]: Received request to flush runtime journal from PID 1
[    8.872912] iscsi: registered transport (iser)
[[0;32m  OK  [0m] Started Load Kernel Modules.
         Mounting Kernel Configuration File System...
         Starting Apply Kernel Variables...
         Mounting FUSE Control File System...
[[0;32m  OK  [0m] Mounted Kernel Configuration File System.
[[0;32m  OK  [0m] Started Flush Journal to Persistent Storage.
[[0;32m  OK  [0m] Mounted FUSE Control File System.
[[0;32m  OK  [0m] Started Apply Kernel Variables.
[[0;32m  OK  [0m] Started udev Coldplug all Devices.
[[0;32m  OK  [0m] Found device /dev/ttyS0.
[[0;32m  OK  [0m] Listening on Load/Save RF Kill Switch Status /dev/rfkill Watch.
[[0;32m  OK  [0m] Started Set the console keyboard layout.
[[0;32m  OK  [0m] Started Dispatch Password Requests to Console Directory Watch.
[[0;32m  OK  [0m] Reached target Local Encrypted Volumes.
[[0;32m  OK  [0m] Reached target Local File Systems (Pre).
[[0;32m  OK  [0m] Reached target Local File Systems.
         Starting Commit a transient machine-id on disk...
         Starting ebtables ruleset management...
         Starting Create Volatile Files and Directories...
         Starting Set console font and keymap...
         Starting AppArmor initialization...
         Starting Tell Plymouth To Write Out Runtime Data...
[[0;32m  OK  [0m] Started Set console font and keymap.
[[0;32m  OK  [0m] Started Create Volatile Files and Directories.
         Starting Update UTMP about System Boot/Shutdown...
[[0;32m  OK  [0m] Started Tell Plymouth To Write Out Runtime Data.
[[0;32m  OK  [0m] Started Update UTMP about System Boot/Shutdown.
[[0;32m  OK  [0m] Started Commit a transient machine-id on disk.
[[0;32m  OK  [0m] Started ebtables ruleset management.
[[0;32m  OK  [0m] Started AppArmor initialization.
         Starting Initial cloud-init job (pre-networking)...
[   15.136299] cloud-init[593]: Cloud-init v. 19.4-33-gbb4131a2-0ubuntu1~18.04.1 running 'init-local' at Sat, 30 May 2020 14:16:43 +0000. Up 14.40 seconds.
[[0;32m  OK  [0m] Started Initial cloud-init job (pre-networking).
[[0;32m  OK  [0m] Reached target Network (Pre).
         Starting Network Service...
[[0;32m  OK  [0m] Started Network Service.
         Starting Network Name Resolution...
         Starting Wait for Network to be Configured...
[[0;32m  OK  [0m] Started Network Name Resolution.
[[0;32m  OK  [0m] Reached target Network.
[[0;32m  OK  [0m] Reached target Host and Network Name Lookups.
[[0;32m  OK  [0m] Started Wait for Network to be Configured.
         Starting Initial cloud-init job (metadata service crawler)...
[   18.746814] cloud-init[704]: Cloud-init v. 19.4-33-gbb4131a2-0ubuntu1~18.04.1 running 'init' at Sat, 30 May 2020 14:16:46 +0000. Up 17.94 seconds.
[   18.751705] cloud-init[704]: ci-info: ++++++++++++++++++++++++++++++++++++++Net device info+++++++++++++++++++++++++++++++++++++++
[   18.760636] cloud-init[704]: ci-info: +--------+-------+----------------------------+---------------+--------+-------------------+
[   18.766055] cloud-init[704]: ci-info: | Device |   Up  |          Address           |      Mask     | Scope  |     Hw-Address    |
[   18.771794] cloud-init[704]: ci-info: +--------+-------+----------------------------+---------------+--------+-------------------+
[   18.788753] cloud-init[704]: ci-info: | enp0s3 |  True |         10.0.2.15          | 255.255.255.0 | global | 02:d0:42:45:d9:44 |
[   18.811126] cloud-init[704]: ci-info: | enp0s3 |  True | fe80::d0:42ff:fe45:d944/64 |       .       |  link  | 02:d0:42:45:d9:44 |
[   18.819994] cloud-init[704]: ci-info: | enp0s8 | False |             .              |       .       |   .    | 08:00:27:0f:5f:c2 |
[   18.825965] cloud-init[704]: ci-info: |   lo   |  True |         127.0.0.1          |   255.0.0.0   |  host  |         .         |
[   18.832611] cloud-init[704]: ci-info: |   lo   |  True |          ::1/128           |       .       |  host  |         .         |
[   18.848701] cloud-init[704]: ci-info: +--------+-------+----------------------------+---------------+--------+-------------------+
[   18.855761] cloud-init[704]: ci-info: ++++++++++++++++++++++++++++Route IPv4 info+++++++++++++++++++++++++++++
[   18.861132] cloud-init[704]: ci-info: +-------+-------------+----------+-----------------+-----------+-------+
[   18.867979] cloud-init[704]: ci-info: | Route | Destination | Gateway  |     Genmask     | Interface | Flags |
[   18.906407] cloud-init[704]: ci-info: +-------+-------------+----------+-----------------+-----------+-------+
[   18.920431] cloud-init[704]: ci-info: |   0   |   0.0.0.0   | 10.0.2.2 |     0.0.0.0     |   enp0s3  |   UG  |
[   18.923668] cloud-init[704]: ci-info: |   1   |   10.0.2.0  | 0.0.0.0  |  255.255.255.0  |   enp0s3  |   U   |
[   18.928368] cloud-init[704]: ci-info: |   2   |   10.0.2.2  | 0.0.0.0  | 255.255.255.255 |   enp0s3  |   UH  |
[   18.932586] cloud-init[704]: ci-info: +-------+-------------+----------+-----------------+-----------+-------+
[   18.949653] cloud-init[704]: ci-info: +++++++++++++++++++Route IPv6 info+++++++++++++++++++
[   18.953679] cloud-init[704]: ci-info: +-------+-------------+---------+-----------+-------+
[   18.965327] cloud-init[704]: ci-info: | Route | Destination | Gateway | Interface | Flags |
[   18.979000] cloud-init[704]: ci-info: +-------+-------------+---------+-----------+-------+
[   18.981475] cloud-init[704]: ci-info: |   1   |  fe80::/64  |    ::   |   enp0s3  |   U   |
[   18.992703] cloud-init[704]: ci-info: |   3   |    local    |    ::   |   enp0s3  |   U   |
[   19.008750] cloud-init[704]: ci-info: |   4   |   ff00::/8  |    ::   |   enp0s3  |   U   |
[   19.013007] cloud-init[704]: ci-info: +-------+-------------+---------+-----------+-------+
[   21.953536] cloud-init[704]: Generating public/private rsa key pair.
[   21.965720] cloud-init[704]: Your identification has been saved in /etc/ssh/ssh_host_rsa_key.
[   21.981676] cloud-init[704]: Your public key has been saved in /etc/ssh/ssh_host_rsa_key.pub.
[   21.995412] cloud-init[704]: The key fingerprint is:
[   21.999680] cloud-init[704]: SHA256:krTgwmLv3p+TxRjnmxVjsCjiwBx36j+JeqwCVc/lBkw root@ubuntu-bionic
[   22.013127] cloud-init[704]: The key's randomart image is:
[   22.018931] cloud-init[704]: +---[RSA 2048]----+
[   22.025618] cloud-init[704]: |     oE          |
[   22.040753] cloud-init[704]: | . ...o ..       |
[   22.042942] cloud-init[704]: |o o.+o.+. o      |
[   22.060702] cloud-init[704]: | =.+ +o=oo +     |
[   22.072512] cloud-init[704]: |.o* o =.S . o    |
[   22.091792] cloud-init[704]: |o..+   o + .     |
[   22.095017] cloud-init[704]: |. ..o . o +      |
[   22.098501] cloud-init[704]: |. .+.+ o.o       |
[   22.101419] cloud-init[704]: |.o=o .oo.        |
[   22.105373] cloud-init[704]: +----[SHA256]-----+
[   22.120725] cloud-init[704]: Generating public/private dsa key pair.
[   22.143779] cloud-init[704]: Your identification has been saved in /etc/ssh/ssh_host_dsa_key.
[   22.180741] cloud-init[704]: Your public key has been saved in /etc/ssh/ssh_host_dsa_key.pub.
[   22.192929] [[0;32m  OK  [0m] Started Initial cloud-init job (metadata service crawler).
[[0;32m  OK  [0m] Reached target System Initialization.
cloud-init[704]: The key fingerprint is:
[   22.202479] cloud-init[704]: SHA256:0bnnSOXWhNq/uQSKZCKW6Rdl/+0LQLYQ3nC13Smn1mY root@ubuntu-bionic
         Starting LXD - unix socket.
[   22.210358] cloud-init[704]: The key's randomart image is:
         [   22.228773] Starting Socket activation for snappy daemon.cloud-init
[704]: +---[DSA 1024]----+
[[0;32m  OK  [0m] [   22.240682] Started Discard unused blocks once a week.cloud-init[704]: |        o ...    |

[[0;32m  OK  [0m] Listening on D-Bus System Message Bus Socket.
[[0;32m  OK  [0m] Started Daily apt download activities.
[[0;32m  OK  [0m] Started Daily apt upgrade and clean activities.
[[0;32m  OK  [0m] Listening on Open-iSCSI iscsid Socket.
[   22.242577] [[0;32m  OK  [0m] Started Message of the Day.
cloud-init[704]: |       . * . + ..|
[   22.265045] cloud-init[704]: |        * * +.oo.|
[[0;32m  OK  [0m] Listening on ACPID Listen Socket.
[   22.290245] cloud-init[704]: |     o o * B o=  |
[[0;32m  OK  [0m] Started ACPI Events Check.
[[0;32m  OK  [0m] Reached target Paths.
[[0;32m  OK  [0m] [   22.322435] Started Daily Cleanup of Temporary Directories.cloud-init
[704]: |    = o S B *o.E |
[   22.353684] cloud-init[704]: |   o . = o O.+o  |
[   22.356191] [cloud-init[0;32m  OK  [0m[704]: ] |    . . . o + +  |Reached target Timers.

[[0;32m  OK  [0m] Listening on UUID daemon activation socket.
[   22.373534] cloud-init[[0;32m  OK  [0m] Reached target Cloud-config availability.
[704]: |     .       + o |
[[0;32m  OK  [0m] Reached target Network is Online.
[   22.376243] cloud-init[704]: |              *o |
[   22.393037] cloud-init[704]: +----[SHA256]-----+
[   22.408491] cloud-init[704]: Generating public/private ecdsa key pair.         Starting Availability of block devices...
[[0;32m  OK  [0m] Reached target Remote File Systems (Pre).
[[0;32m  OK  [0m] Reached target Remote File Systems.
[[0;32m  OK  [0m] Listening on LXD - unix socket.
[[0;32m  OK  [0m] Listening on Socket activation for snappy daemon.

[[0;32m  OK  [0m] Started Availability of block devices.
[   22.440900] cloud-init[704]: Your identification has been saved in /etc/ssh/ssh_host_ecdsa_key.
[   22.465366] cloud-init[704]: Your public key has been saved in /etc/ssh/ssh_host_ecdsa_key.pub.
[[   22.485845] cloud-init[704]: The key fingerprint is:
[   22.486348] cloud-init[704]: SHA256:oE1lBLXLgQtC9kZZBALi5jdTkweCVLgWTGgP+N7onrI root@ubuntu-bionic
[   22.486522] cloud-init[704]: The key's randomart image is:
[0;32m  OK  [0m] Reached target Sockets.
[[   22.486817] [0;32m  OK  [0mcloud-init] [704]: Reached target Basic System.+---[ECDSA 256]---+

         Starting LSB: Record successful boot for GRUB...
[   22.534579] cloud-init[704]: |O+Boo*++=        |
         Starting Dispatcher daemon for systemd-networkd...
[   22.556853] cloud-init[704]: |=X +o o+ .       |
[   22.576355] cloud-init[704]: |.+* +++.o        |
         Starting Permit User Sessions...
[   22.576522] cloud-init[704]: |oo.+.=o+ o       |
[[0;32m  OK  [0m] Started Regular background program processing daemon.
[   22.600462] cloud-init[704]: |.o *. o S        |
[   22.606802] cloud-init[704]: |  + +            |
         Starting Pollinate to seed the pseudo random number generator...[   22.620524] 
cloud-init[704]: | .               |
[   22.642011] cloud-init[704]: |. ..             |
[[0;32m  OK  [0m] Started Deferred execution scheduler.
         Starting LSB: automatic crash report generation...
         Starting Accounts Service...
[   22.665515] cloud-init[704]: |E+o              |
[   22.733047] cloud-init[704]: +----[SHA256]-----+
[   22.744994] cloud-init[704]: Generating public/private ed25519 key pair.
[   22.748603] cloud-init[704]: Your identification has been saved in /etc/ssh/ssh_host_ed25519_key.
[   22.764838] cloud-init[704]: Your public key has been saved in /etc/ssh/ssh_host_ed25519_key.pub.
[   22.768634] cloud-init[704]: The key fingerprint is:
[   22.771352] cloud-init[704]: SHA256:F9KgSAWiArCiUqwzRUKVWvBEnQLxwLw0ZI6aMv4n+Zs root@ubuntu-bionic
[   22.780293] cloud-init[704]: The key's randomart image is:
[   22.784633] cloud-init[704]: +--[ED25519 256]--+
[   22.788501] cloud-init[704]: |XOO+=oo .        |
[[0;32m  OK  [0m] Started irqbalance daemon.
[   22.801083] cloud-init[704]: |=@=* + . o       |
[   22.818431] cloud-init[704]: |B.Ooo . . o      |
[   22.820929] cloud-init[704]: |=B       . .     |
[   22.833149] cloud-init[704]: |@       S .      |
         Starting Snappy daemon...
[   22.855412] cloud-init[704]: |++       .       |
[[0;32m  OK  [0m] Started FUSE filesystem for LXC.
[[0;32m  OK  [0m] Started D-Bus System Message Bus.
[   22.926915] cloud-init[704]: | .  .            |
[   22.950499] cloud-init[704]: |  .o ..          |
[   22.987792] cloud-init[704]: |   .+E.          |
[   22.992614] cloud-init[704]: +----[SHA256]-----+
         Starting System Logging Service...
         Starting Login Service...
         Starting Virtualbox guest utils...
         Starting LXD - container startup/shutdown...
[[0;32m  OK  [0m] Started Permit User Sessions.
         Starting Hold until boot process finishes up...
         Starting Terminate Plymouth Boot Screen...
[[0;32m  OK  [0m] Started Hold until boot process finishes up.
[[0;32m  OK  [0m] Started Serial Getty on ttyS0.
         Starting Set console scheme...
[[0;32m  OK  [0m] Started Terminate Plymouth Boot Screen.
[[0;32m  OK  [0m] Started Set console scheme.
[[0;32m  OK  [0m] Created slice system-getty.slice.
[[0;32m  OK  [0m] Started Getty on tty1.
[[0;32m  OK  [0m] Reached target Login Prompts.
         Starting Authorization Manager...
[[0;32m  OK  [0m] Started Login Service.
[[0;32m  OK  [0m] Started Unattended Upgrades Shutdown.
[[0;32m  OK  [0m] Started System Logging Service.
[[0;32m  OK  [0m] Started LSB: automatic crash report generation.
[[0;32m  OK  [0m] Started LSB: Record successful boot for GRUB.
[[0;32m  OK  [0m] Started Authorization Manager.
[[0;32m  OK  [0m] Started Accounts Service.
[[0;32m  OK  [0m] Started Virtualbox guest utils.
[[0;32m  OK  [0m] Started LXD - container startup/shutdown.
[[0;32m  OK  [0m] Started Dispatcher daemon for systemd-networkd.
[[0;32m  OK  [0m] Started Pollinate to seed the pseudo random number generator.
         Starting OpenBSD Secure Shell server...
[[0;32m  OK  [0m] Started OpenBSD Secure Shell server.
[[0;32m  OK  [0m] Started Snappy daemon.
         Starting Wait until snapd is fully seeded...

Ubuntu 18.04.4 LTS ubuntu-bionic ttyS0

ubuntu-bionic login: [   35.255815] cloud-init[1155]: Cloud-init v. 19.4-33-gbb4131a2-0ubuntu1~18.04.1 running 'modules:config' at Sat, 30 May 2020 14:17:01 +0000. Up 32.34 seconds.
ci-info: no authorized SSH keys fingerprints found for user ubuntu.
<14>May 30 14:17:06 ec2: 
<14>May 30 14:17:06 ec2: #############################################################
<14>May 30 14:17:06 ec2: -----BEGIN SSH HOST KEY FINGERPRINTS-----
<14>May 30 14:17:06 ec2: 1024 SHA256:0bnnSOXWhNq/uQSKZCKW6Rdl/+0LQLYQ3nC13Smn1mY root@ubuntu-bionic (DSA)
<14>May 30 14:17:06 ec2: 256 SHA256:oE1lBLXLgQtC9kZZBALi5jdTkweCVLgWTGgP+N7onrI root@ubuntu-bionic (ECDSA)
<14>May 30 14:17:06 ec2: 256 SHA256:F9KgSAWiArCiUqwzRUKVWvBEnQLxwLw0ZI6aMv4n+Zs root@ubuntu-bionic (ED25519)
<14>May 30 14:17:06 ec2: 2048 SHA256:krTgwmLv3p+TxRjnmxVjsCjiwBx36j+JeqwCVc/lBkw root@ubuntu-bionic (RSA)
<14>May 30 14:17:06 ec2: -----END SSH HOST KEY FINGERPRINTS-----
<14>May 30 14:17:06 ec2: #############################################################
-----BEGIN SSH HOST KEY KEYS-----
ecdsa-sha2-nistp256 AAAAE2VjZHNhLXNoYTItbmlzdHAyNTYAAAAIbmlzdHAyNTYAAABBBCeUbGDM8uPeLSI//XE8Vuie82s52NGrLJl3idk7Y6qX+e1zn546On93Ft1+qa9/0zibzYgd30q6NT3QgaNw4PM= root@ubuntu-bionic
ssh-ed25519 AAAAC3NzaC1lZDI1NTE5AAAAINIMD9kmYaFHxwQGX9/zkyrxa29XT1ZSW7+WscEA2glT root@ubuntu-bionic
ssh-rsa AAAAB3NzaC1yc2EAAAADAQABAAABAQCi5SSovppL5DjevtNS+JzaXfXYSiN1VcLaSR/mS4H4eDFTS7meXyhvASJLdtJ8eEWCU2ooRnYPkx6UQdagwq5S0xJ+KZLuobvq1noEpVMOdXN6hTIVhY+IYJg2DowK5ZfviqVQCfVQGnyIOy4KlLo6P/FuNNg9ofH0OusGg1nJJ1WzD5rwjLL4LXIfclzc9kTiPOewsLLpaGxILiVZxs+Yc3pXzDEF89pgFj9Y4BwEN8f5K+yzRE2EBaaMlZjdN1cxHoCu5onyQRUvoGOx2VD8etkYtD2C0NeJgdOm11UUH4ycnqw2DSybfYlZpF3Pa2gbHRDELY3Ggb3NOMZfLqSL root@ubuntu-bionic
-----END SSH HOST KEY KEYS-----
[   37.826551] cloud-init[1280]: Cloud-init v. 19.4-33-gbb4131a2-0ubuntu1~18.04.1 running 'modules:final' at Sat, 30 May 2020 14:17:05 +0000. Up 37.16 seconds.
[   37.835843] cloud-init[1280]: ci-info: no authorized SSH keys fingerprints found for user ubuntu.
[   37.878354] cloud-init[1280]: Cloud-init v. 19.4-33-gbb4131a2-0ubuntu1~18.04.1 finished at Sat, 30 May 2020 14:17:06 +0000. Datasource DataSourceNoCloud [seed=/dev/sdb][dsmode=net].  Up 37.73 seconds
